<?xml version="1.0" encoding="UTF-8"?>
<!-- Generated by org.testng.reporters.JUnitReportReporter -->
<testsuite hostname="DESKTOP-I59386F" failures="0" tests="1" name="org.flipkartmisic.demo.Demo" time="5.032" errors="0" timestamp="2023-05-18T09:37:11 IST" skipped="0">
  <testcase classname="org.flipkartmisic.demo.Demo" name="m1" time="5.032"/>
  <system-out/>
</testsuite> <!-- org.flipkartmisic.demo.Demo -->
