<?xml version="1.0" encoding="UTF-8"?>
<!-- Generated by org.testng.reporters.JUnitReportReporter -->
<testsuite hostname="DESKTOP-I59386F" failures="0" tests="1" name="org.FlipkartMusic.testCases.Tc1" time="9.526" errors="0" timestamp="2023-05-20T09:08:36 IST" skipped="0">
  <testcase classname="org.FlipkartMusic.testCases.Tc1" name="tc1" time="9.526"/>
  <system-out>
    <![CDATA[Test Started   -tc1
Test Excuted   -tc1]]>
  </system-out>
</testsuite> <!-- org.FlipkartMusic.testCases.Tc1 -->
