<?xml version="1.0" encoding="UTF-8"?>
<!-- Generated by org.testng.reporters.JUnitReportReporter -->
<testsuite hostname="DESKTOP-I59386F" failures="0" tests="2" name="Demo.DataProviderclass" time="0.029" errors="0" timestamp="2023-05-20T10:23:24 IST" skipped="0">
  <testcase classname="Demo.DataProviderclass" name="m1" time="0.012"/>
  <system-out/>
  <testcase classname="Demo.DataProviderclass" name="m1" time="0.017"/>
  <system-out/>
</testsuite> <!-- Demo.DataProviderclass -->
